<?xml version="1.0" encoding="UTF-8" ?>
<testsuite tests="4" failures="0" name="com.basic.FirstFeatureFile.RunFirstFeatureTest" time="0.005" errors="0" skipped="0">
  <properties>
[...]
</properties>
  <testcase classname="Scenario: validate First Name field" name="Given User need to be on Facebook login page" time="0.005"/>
  <testcase classname="Scenario: validate First Name field" name="When User enters user first name" time="0"/>
  <testcase classname="Scenario: validate First Name field" name="Then User checks user first name is present" time="0"/>
  <testcase classname="Scenario: validate First Name field" name="Scenario: validate First Name field" time="0"/>
</testsuite>